app/proguard-rules.pro
# Add project specific ProGuard rules here.
# You can control the set of applied configuration files using the
# proguardFiles setting in build.gradle.
#
# For more details, see
#   http://developer.android.com/guide/developing/tools/proguard.html

# If your project uses WebView with JS, uncomment the following
# and specify the fully qualified class name to the JavaScript interface
# class:
#-keepclassmembers class fqcn.of.javascript.interface.for.webview {
#   public *;
#}

# Uncomment this to preserve the line number information for
# debugging stack traces.
#-keepattributes SourceFile,LineNumberTable

# If you keep the line number information, uncomment this to
# hide the original source file name.
#-renamesourcefileattribute SourceFile

# Keep data classes used with Room database
-keep class com.codelearn.android.model.** { *; }
-keep class com.codelearn.android.data.database.** { *; }

# Keep Room generated classes
-keep class * extends androidx.room.RoomDatabase
-keep @androidx.room.Entity class *
-dontwarn androidx.room.paging.**

# Keep ViewBinding classes
-keep class * extends androidx.viewbinding.ViewBinding {
    public static *** inflate(...);
    public static *** bind(...);
}

# Keep Retrofit classes
-keepattributes Signature, InnerClasses, EnclosingMethod
-keepattributes RuntimeVisibleAnnotations, RuntimeVisibleParameterAnnotations
-keepattributes AnnotationDefault

-keepclassmembers,allowshrinking,allowobfuscation interface * {
    @retrofit2.http.* <methods>;
}

-dontwarn org.codehaus.mojo.animal_sniffer.IgnoreJRERequirement
-dontwarn javax.annotation.**
-dontwarn kotlin.Unit
-dontwarn retrofit2.KotlinExtensions
-dontwarn retrofit2.KotlinExtensions$*
-if interface * { @retrofit2.http.* <methods>; }
-keep,allowobfuscation interface <1>

# Keep OkHttp classes
-dontwarn okhttp3.**
-dontwarn okio.**
-dontwarn javax.annotation.**
-keepnames class okhttp3.internal.publicsuffix.PublicSuffixDatabase

# Keep Gson classes
-keepattributes Signature
-keepattributes *Annotation*
-dontwarn sun.misc.**
-keep class com.google.gson.** { *; }
-keep class * implements com.google.gson.TypeAdapterFactory
-keep class * implements com.google.gson.JsonSerializer
-keep class * implements com.google.gson.JsonDeserializer

# Keep Glide classes
-keep public class * implements com.bumptech.glide.module.GlideModule
-keep class * extends com.bumptech.glide.module.AppGlideModule {
    <init>(...);
}
-keep public enum com.bumptech.glide.load.ImageHeaderParser$** {
  **[] $VALUES;
  public *;
}
-keep class com.bumptech.glide.load.data.ParcelFileDescriptorRewinder$InternalRewinder {
  *** rewind();
}

# Keep Lottie classes
-keep class com.airbnb.lottie.** { *; }
-dontwarn com.airbnb.lottie.**

# Keep Sora Editor classes
-keep class io.github.rosemoe.sora.** { *; }
-dontwarn io.github.rosemoe.sora.**

# Keep Android Architecture Components
-keep class * extends androidx.lifecycle.ViewModel
-keep class * extends androidx.lifecycle.AndroidViewModel
-keep class * extends androidx.lifecycle.LiveData
-keep class * extends androidx.lifecycle.MutableLiveData

# Keep Navigation Component classes
-keep class * extends androidx.navigation.NavController
-keep class * extends androidx.navigation.NavHost
-keep class * extends androidx.navigation.fragment.NavHostFragment

# Keep Material Design components
-keep class com.google.android.material.** { *; }
-dontwarn com.google.android.material.**

# Keep custom exceptions
-keep public class * extends java.lang.Exception

# Keep native methods
-keepclasseswithmembernames class * {
    native <methods>;
}

# Keep custom views
-keep public class * extends android.view.View {
    public <init>(android.content.Context);
    public <init>(android.content.Context, android.util.AttributeSet);
    public <init>(android.content.Context, android.util.AttributeSet, int);
    public void set*(...);
    *** get*();
}

# Keep enumerations
-keepclassmembers enum * {
    public static **[] values();
    public static ** valueOf(java.lang.String);
}

# Keep Parcelable implementations
-keep class * implements android.os.Parcelable {
    public static final ** CREATOR;
}

# Keep R classes
-keepclassmembers class **.R$* {
    public static <fields>;
}

# Keep JavaScript interface for WebView
-keepclassmembers class * {
    @android.webkit.JavascriptInterface <methods>;
}

# Remove logging in release builds
-assumenosideeffects class android.util.Log {
    public static boolean isLoggable(java.lang.String, int);
    public static int v(...);
    public static int i(...);
    public static int w(...);
    public static int d(...);
    public static int e(...);
}

# Keep application classes
-keep class com.codelearn.android.CodeLearnApplication
-keep class com.codelearn.android.MainActivity

# Optimization settings
-optimizationpasses 5
-allowaccessmodification
-dontpreverify
-verbose