app/build/outputs/mapping/release/seeds.txt
com.codelearn.android.model.Achievement
com.codelearn.android.ui.home.HomeViewModel
com.codelearn.android.databinding.ItemRequirementBinding
com.codelearn.android.ui.courses.CourseListViewModel
com.codelearn.android.databinding.ItemCourseBinding
com.codelearn.android.model.Course
com.codelearn.android.databinding.ActivityMainBinding
com.codelearn.android.databinding.FragmentCourseListBinding
com.codelearn.android.databinding.FragmentContentViewerBinding
com.codelearn.android.databinding.FragmentSettingsBinding
com.codelearn.android.ui.content.ContentViewerFragment
com.codelearn.android.CodeLearnApplication
com.codelearn.android.databinding.ItemAchievementBinding
com.codelearn.android.MainActivity
com.codelearn.android.databinding.FragmentHomeBinding
com.codelearn.android.databinding.ItemLearningOutcomeBinding
com.codelearn.android.databinding.ItemRecentCourseBinding
com.codelearn.android.ui.settings.SettingsFragment
com.codelearn.android.ui.courses.CourseListFragment
com.codelearn.android.model.Course: int learningStreak
com.codelearn.android.model.Course: java.lang.String thumbnail
com.codelearn.android.model.Achievement: long unlockedAt
com.codelearn.android.model.Course: java.lang.String description
com.codelearn.android.model.Course: int totalMinutesSpent
com.codelearn.android.model.Achievement: int points
com.codelearn.android.model.Achievement: java.lang.String description
com.codelearn.android.model.Course: long createdAt
com.codelearn.android.model.Achievement: boolean isUnlocked
com.codelearn.android.model.Achievement: int id
com.codelearn.android.model.Course: int difficulty
com.codelearn.android.model.Course: boolean hasOfflineContent
com.codelearn.android.model.Course: long updatedAt
com.codelearn.android.model.Course: java.lang.String firstLessonAsset
com.codelearn.android.model.Course: java.lang.String category
com.codelearn.android.model.Achievement: java.lang.String title
com.codelearn.android.model.Achievement: java.lang.String category
com.codelearn.android.model.Achievement: java.lang.String requirement
com.codelearn.android.model.Course: boolean isActive
com.codelearn.android.model.Achievement: java.lang.String icon
com.codelearn.android.model.Course: java.lang.String title
com.codelearn.android.model.Course: java.util.List lessonFiles
com.codelearn.android.model.Course: int estimatedTime
com.codelearn.android.model.Course: int experiencePoints
com.codelearn.android.model.Course: int id
com.codelearn.android.model.Course: long lastAccessDate
com.codelearn.android.model.Achievement: void setRequirement(java.lang.String)
com.codelearn.android.model.Course: void setActive(boolean)
com.codelearn.android.model.Course: void setDescription(java.lang.String)
com.codelearn.android.model.Course: java.lang.String getDifficultyLevel()
com.codelearn.android.databinding.ActivityMainBinding: com.codelearn.android.databinding.ActivityMainBinding inflate(android.view.LayoutInflater,android.view.ViewGroup,boolean)
com.codelearn.android.model.Achievement: Achievement(int,java.lang.String,java.lang.String,java.lang.String,java.lang.String,int)
com.codelearn.android.model.Course: void setThumbnail(java.lang.String)
com.codelearn.android.databinding.ItemCourseBinding: com.codelearn.android.databinding.ItemCourseBinding inflate(android.view.LayoutInflater,android.view.ViewGroup,boolean)
com.codelearn.android.model.Achievement: java.lang.String getTitle()
com.codelearn.android.databinding.ItemCourseBinding: com.codelearn.android.databinding.ItemCourseBinding bind(android.view.View)
com.codelearn.android.databinding.ItemAchievementBinding: com.codelearn.android.databinding.ItemAchievementBinding bind(android.view.View)
com.codelearn.android.model.Course: int getId()
com.codelearn.android.model.Course: Course(java.lang.String,java.lang.String,java.lang.String,int,int)
com.codelearn.android.model.Course: java.lang.String getFirstLessonAsset()
...
com.google.android.material.R$style: int ShapeAppearanceOverlay_Material3_FloatingActionButton
com.google.android.material.R$style: int Base_Widget_Material3_CompoundButton_Switch
androidx.appcompat.widget.Toolbar: int mContentInsetEndWithActions
androidx.preference.R$attr: int textAppearanceListItemSecondary
com.google.android.material.internal.CheckableGroup: com.google.android.material.internal.CheckableGroup$OnCheckedStateChangeListener onCheckedStateChangeListener
com.google.android.material.R$attr: int itemBackground
com.google.android.material.circularreveal.CircularRevealWidget$CircularRevealEvaluator: android.animation.TypeEvaluator CIRCULAR_REVEAL
com.google.android.material.R$attr: int materialTimePickerTheme
androidx.preference.R$attr: int drawableLeftCompat
androidx.appcompat.R$drawable: int abc_ratingbar_material
com.google.android.material.R$id: int material_timepicker_container
com.google.android.material.R$color: int design_fab_stroke_top_outer_color
androidx.transition.R$id: int contentPanel
com.google.android.material.shape.ShapeAppearanceModel: com.google.android.material.shape.EdgeTreatment bottomEdge
androidx.preference.R$attr: int buttonCompat
androidx.constraintlayout.widget.R$id: int tag_accessibility_clickable_spans
com.google.android.material.R$style: int Base_Theme_MaterialComponents_Light_Dialog_MinWidth
androidx.constraintlayout.widget.R$styleable: int KeyTimeCycle_android_translationY
com.google.android.material.R$drawable: int abc_ic_menu_paste_mtrl_am_alpha
com.google.android.material.R$attr: int itemIconPadding
com.google.android.material.R$color: int m3_navigation_bar_item_with_indicator_icon_tint
com.google.android.material.R$styleable: int Tooltip_android_padding
com.google.android.material.R$style: int TextAppearance_Design_Snackbar_Message
com.google.android.material.R$dimen: int m3_badge_vertical_offset
androidx.constraintlayout.widget.R$id: int tag_accessibility_pane_title
com.google.android.material.R$color: int m3_sys_color_dynamic_light_outline
com.google.android.material.R$styleable: int ImageFilterView_crossfade
com.google.android.material.bottomnavigation.LabelVisibilityMode: int LABEL_VISIBILITY_LABELED
androidx.fragment.app.DialogFragment: java.lang.String SAVED_STYLE
com.google.android.material.timepicker.MaterialTimePicker: int clockIcon
androidx.constraintlayout.widget.R$id: int x_left
com.google.android.material.transition.MaterialContainerTransform: int FADE_MODE_IN
com.google.android.material.navigation.NavigationBarMenuView: boolean itemActiveIndicatorResizeable
com.google.android.material.R$attr: int minHideDelay
androidx.recyclerview.widget.RecyclerView: float mScaledVerticalScrollFactor
androidx.constraintlayout.widget.R$styleable: int Constraint_android_layout_marginLeft
com.google.android.material.datepicker.MaterialDatePicker: com.google.android.material.datepicker.PickerFragment pickerFragment
androidx.constraintlayout.widget.R$styleable: int MenuView_subMenuArrow
com.google.android.material.R$id: int message
com.google.android.material.internal.StaticLayoutBuilderCompat: java.lang.Object textDirection
androidx.constraintlayout.widget.R$id: int accessibility_custom_action_5
com.google.android.material.bottomsheet.BottomSheetBehavior: int parentHeight
com.google.android.material.chip.ChipGroup$PassThroughHierarchyChangeListener: com.google.android.material.chip.ChipGroup this$0
androidx.fragment.app.DialogFragment: boolean mShownByMe
com.google.android.material.shadow.ShadowRenderer: int shadowEndColor
androidx.recyclerview.R$attr: int fontProviderQuery
androidx.preference.R$layout: int select_dialog_singlechoice_material
com.google.android.material.R$styleable: int Layout_layout_constraintRight_toLeftOf
androidx.appcompat.R$style: int Base_Widget_AppCompat_PopupMenu_Overflow
androidx.constraintlayout.widget.R$id: int animateToEnd
androidx.appcompat.widget.SearchView$SavedState: android.os.Parcelable$Creator CREATOR