app/build/outputs/mapping/release/usage.txt
com.codelearn.android.BuildConfig
com.codelearn.android.CodeLearnApplication:
    public static com.codelearn.android.CodeLearnApplication getInstance()
com.codelearn.android.R$anim
com.codelearn.android.R$color
com.codelearn.android.R$drawable
com.codelearn.android.R$id
com.codelearn.android.R$layout
com.codelearn.android.R$menu
com.codelearn.android.R$mipmap
com.codelearn.android.R$navigation
com.codelearn.android.R$string
com.codelearn.android.R$style
com.codelearn.android.R$xml
com.codelearn.android.R
com.codelearn.android.databinding.ActivityMainBinding:
    public synthetic bridge android.view.View getRoot()
    public androidx.coordinatorlayout.widget.CoordinatorLayout getRoot()
com.codelearn.android.databinding.FragmentContentViewerBinding:
    public synthetic bridge android.view.View getRoot()
com.codelearn.android.databinding.FragmentCourseListBinding:
    public synthetic bridge android.view.View getRoot()
com.codelearn.android.databinding.FragmentHomeBinding:
    public synthetic bridge android.view.View getRoot()
    public androidx.core.widget.NestedScrollView getRoot()
com.codelearn.android.databinding.FragmentSettingsBinding:
    public synthetic bridge android.view.View getRoot()
com.codelearn.android.databinding.ItemAchievementBinding:
    public synthetic bridge android.view.View getRoot()
    public androidx.cardview.widget.CardView getRoot()
com.codelearn.android.databinding.ItemCourseBinding:
    public synthetic bridge android.view.View getRoot()
com.codelearn.android.databinding.ItemLearningOutcomeBinding:
    public synthetic bridge android.view.View getRoot()
    public android.widget.LinearLayout getRoot()
com.codelearn.android.databinding.ItemRecentCourseBinding:
    public synthetic bridge android.view.View getRoot()
    public androidx.cardview.widget.CardView getRoot()
com.codelearn.android.databinding.ItemRequirementBinding:
    public synthetic bridge android.view.View getRoot()
    public android.widget.LinearLayout getRoot()
com.codelearn.android.ui.content.ContentViewerFragment:
    public static com.codelearn.android.ui.content.ContentViewerFragment newInstance(com.codelearn.android.model.Course)
    public boolean onBackPressed()
com.codelearn.android.ui.courses.CourseAdapter$OnItemLongClickListener
com.codelearn.android.ui.courses.CourseAdapter:
    private com.codelearn.android.ui.courses.CourseAdapter$OnItemLongClickListener onItemLongClickListener
    public void setOnItemLongClickListener(com.codelearn.android.ui.courses.CourseAdapter$OnItemLongClickListener)
com.codelearn.android.ui.courses.CourseListViewModel:
    public void clearSearch()
    public androidx.lifecycle.LiveData getCurrentFilter()
    public androidx.lifecycle.LiveData getCurrentSort()
    private synthetic void lambda$searchCourses$1(java.lang.String)
    public void refreshCourses()
    public void searchCourses(java.lang.String)
    public void setSort(com.codelearn.android.ui.courses.CourseListViewModel$SortType)
com.codelearn.android.ui.courses.LearningOutcomesAdapter$DiffUtilCallback
com.codelearn.android.ui.courses.LearningOutcomesAdapter$LearningOutcomeViewHolder
com.codelearn.android.ui.courses.LearningOutcomesAdapter
com.codelearn.android.ui.courses.RequirementsAdapter$DiffUtilCallback
com.codelearn.android.ui.courses.RequirementsAdapter$RequirementViewHolder
com.codelearn.android.ui.courses.RequirementsAdapter
com.codelearn.android.ui.home.HomeFragment
com.codelearn.android.ui.home.HomeViewModel$UserData
...
kotlin.io.TerminateException
kotlin.io.TextStreamsKt$readLines$1
kotlin.io.TextStreamsKt
kotlin.io.encoding.Base64$Default
kotlin.io.encoding.Base64
kotlin.io.encoding.Base64JVMKt
kotlin.io.encoding.Base64Kt
kotlin.io.encoding.DecodeInputStream
kotlin.io.encoding.EncodeOutputStream
kotlin.io.encoding.ExperimentalEncodingApi
kotlin.io.encoding.StreamEncodingKt
kotlin.io.encoding.StreamEncodingKt__Base64IOStreamKt
kotlin.io.path.CopyActionContext
kotlin.io.path.CopyActionResult
kotlin.io.path.DefaultCopyActionContext
kotlin.io.path.DirectoryEntriesReader
kotlin.io.path.ExceptionsCollector
kotlin.io.path.ExperimentalPathApi
kotlin.io.path.FileVisitorBuilder
kotlin.io.path.FileVisitorBuilderImpl
kotlin.io.path.FileVisitorImpl
kotlin.io.path.LinkFollowing
kotlin.io.path.OnErrorResult
kotlin.io.path.PathNode
kotlin.io.path.PathRelativizer
kotlin.io.path.PathTreeWalk$bfsIterator$1
kotlin.io.path.PathTreeWalk$dfsIterator$1
kotlin.io.path.PathTreeWalk
kotlin.io.path.PathTreeWalkKt
kotlin.io.path.PathWalkOption
kotlin.io.path.PathsKt
kotlin.io.path.PathsKt__PathReadWriteKt
kotlin.io.path.PathsKt__PathRecursiveFunctionsKt$WhenMappings
kotlin.io.path.PathsKt__PathRecursiveFunctionsKt$copyToRecursively$1
kotlin.io.path.PathsKt__PathRecursiveFunctionsKt$copyToRecursively$2
kotlin.io.path.PathsKt__PathRecursiveFunctionsKt$copyToRecursively$3
kotlin.io.path.PathsKt__PathRecursiveFunctionsKt$copyToRecursively$4
kotlin.io.path.PathsKt__PathRecursiveFunctionsKt$copyToRecursively$5$1
kotlin.io.path.PathsKt__PathRecursiveFunctionsKt$copyToRecursively$5$2
kotlin.io.path.PathsKt__PathRecursiveFunctionsKt$copyToRecursively$5$3
kotlin.io.path.PathsKt__PathRecursiveFunctionsKt$copyToRecursively$5$4
kotlin.io.path.PathsKt__PathRecursiveFunctionsKt$copyToRecursively$5
kotlin.io.path.PathsKt__PathRecursiveFunctionsKt
kotlin.io.path.PathsKt__PathUtilsKt
kotlin.jdk7.AutoCloseableKt
kotlin.js.ExperimentalJsExport
kotlin.jvm.JvmClassMappingKt:
    public static final kotlin.reflect.KClass getAnnotationClass(java.lang.annotation.Annotation)
    private static final java.lang.Class getDeclaringJavaClass(java.lang.Enum)
    public static synthetic void getDeclaringJavaClass$annotations(java.lang.Enum)
    public static final java.lang.Class getJavaClass(java.lang.Object)
    public static synthetic void getJavaClass$annotations(kotlin.reflect.KClass)
    public static final java.lang.Class getJavaPrimitiveType(kotlin.reflect.KClass)
    public static final java.lang.Class getRuntimeClassOfKClassInstance(kotlin.reflect.KClass)
    public static synthetic void getRuntimeClassOfKClassInstance$annotations(kotlin.reflect.KClass)
    public static final synthetic boolean isArrayOf(java.lang.Object[])
kotlin.jvm.JvmDefault
kotlin.jvm.JvmDefaultWithCompatibility
kotlin.jvm.JvmDefaultWithoutCompatibility
kotlin.jvm.JvmField
kotlin.jvm.JvmInline
kotlin.jvm.JvmMultifileClass
kotlin.jvm.JvmName
kotlin.jvm.JvmOverloads
kotlin.jvm.JvmPackageName
kotlin.jvm.JvmRecord
kotlin.jvm.JvmSerializableLambda
kotlin.jvm.JvmStatic
kotlin.jvm.JvmSuppressWildcards
kotlin.jvm.JvmSynthetic
kotlin.jvm.JvmWildcard
kotlin.jvm.KotlinReflectionNotSupportedError
kotlin.jvm.PurelyImplements
kotlin.jvm.Strictfp
kotlin.jvm.Synchronized
kotlin.jvm.Throws
kotlin.jvm.Transient
kotlin.jvm.Volatile
kotlin.jvm.functions.Function10:
    public abstract java.lang.Object invoke(java.lang.Object,java.lang.Object,java.lang.Object,java.lang.Object,java.lang.Object,java.lang.Object,java.lang.Object,java.lang.Object,java.lang.Object,java.lang.Object)
kotlin.jvm.functions.Function11:
    public abstract java.lang.Object invoke(java.lang.Object,java.lang.Object,java.lang.Object,java.lang.Object,java.lang.Object,java.lang.Object,java.lang.Object,java.lang.Object,java.lang.Object,java.lang.Object,java.lang.Object)